{
  "cpu": {
    "model": "Intel(R) Core(TM) i5-6500 CPU @ 3.20GHz",
    "speed": "3.36 GHz",
    "cores": 4,
    "threads": 4
  },
  "ram": {
    "total_ram": 23,
    "used_ram": 4,
    "ram_type": "None",
    "ram_speed": "2133 MT/s"
  },
  "disks": [
    {
      "model": "SAMSUNG MZ7PD256",
      "type": "SSD",
      "transport": "ata"
    },
    {
      "model": "ST2000DM006-2DM1",
      "type": "HDD",
      "transport": "ata"
    },
    {
      "model": "Timetec 30TT253X",
      "type": "SSD",
      "transport": "ata"
    }
  ],
  "gpu": {
    "model": "NVIDIA Corporation GP106 [GeForce GTX 1060 6GB] (rev a1)",
    "opengl_driver_version": "4.6.0 NVIDIA 535.104.05",
    "vulkan_driver_version": "1.3.264"
  }
}
